[debug] [2025-11-29T06:01:25.688Z] ----------------------------------------------------------------------
[debug] [2025-11-29T06:01:25.690Z] Command:       /usr/local/bin/node /usr/local/share/npm-global/bin/firebase init
[debug] [2025-11-29T06:01:25.691Z] CLI Version:   14.26.0
[debug] [2025-11-29T06:01:25.691Z] Platform:      linux
[debug] [2025-11-29T06:01:25.691Z] Node Version:  v22.16.0
[debug] [2025-11-29T06:01:25.692Z] Time:          Sat Nov 29 2025 06:01:25 GMT+0000 (Coordinated Universal Time)
[debug] [2025-11-29T06:01:25.692Z] ----------------------------------------------------------------------
[debug] 
[info] 
     ######## #### ########  ######## ########     ###     ######  ########
     ##        ##  ##     ## ##       ##     ##  ##   ##  ##       ##
     ######    ##  ########  ######   ########  #########  ######  ######
     ##        ##  ##    ##  ##       ##     ## ##     ##       ## ##
     ##       #### ##     ## ######## ########  ##     ##  ######  ########

You're about to initialize a Firebase project in this directory:

  /workspaces/javascript-node/biekergifts

Before we get started, keep in mind:

  * You are currently outside your home directory
  * You are initializing within an existing Firebase project directory

[debug] [2025-11-29T06:01:46.359Z] ExitPromptError: User force closed the prompt with SIGINT
    at Interface.sigint (/usr/local/share/npm-global/lib/node_modules/firebase-tools/node_modules/@inquirer/core/dist/commonjs/lib/create-prompt.js:101:37)
    at Interface.emit (node:events:518:28)
    at Interface.emit (node:domain:489:12)
    at [_ttyWrite] [as _ttyWrite] (node:internal/readline/interface:1128:18)
    at ReadStream.onkeypress (node:internal/readline/interface:267:20)
    at ReadStream.emit (node:events:530:35)
    at ReadStream.emit (node:domain:489:12)
    at emitKeys (node:internal/readline/utils:370:14)
    at emitKeys.next (<anonymous>)
    at ReadStream.onData (node:internal/readline/emitKeypressEvents:64:36)
[error] 
[error] Error: An unexpected error has occurred.
